<?xml version="1.0" encoding="UTF-8"?>
<testng-results ignored="0" total="1" passed="1" failed="0" skipped="0">
  <reporter-output>
  </reporter-output>
  <suite started-at="2025-08-17T22:04:59 IST" name="Suite" finished-at="2025-08-17T22:05:07 IST" duration-ms="8226">
    <groups>
    </groups>
    <test started-at="2025-08-17T22:04:59 IST" name="Test" finished-at="2025-08-17T22:05:07 IST" duration-ms="8226">
      <class name="testCase.Tc_002_logintest">
        <test-method is-config="true" signature="setup(java.lang.String)[pri:0, instance:testCase.Tc_002_logintest@fbd1f6]" started-at="2025-08-17T22:04:59 IST" name="setup" finished-at="2025-08-17T22:05:05 IST" duration-ms="5882" status="PASS">
          <params>
            <param index="0">
              <value>
                <![CDATA[chrome]]>
              </value>
            </param>
          </params>
          <reporter-output>
          </reporter-output>
        </test-method> <!-- setup -->
        <test-method signature="loginsuccesfull()[pri:0, instance:testCase.Tc_002_logintest@fbd1f6]" started-at="2025-08-17T22:05:05 IST" name="loginsuccesfull" finished-at="2025-08-17T22:05:07 IST" duration-ms="1540" status="PASS">
          <reporter-output>
          </reporter-output>
        </test-method> <!-- loginsuccesfull -->
        <test-method is-config="true" signature="teardown()[pri:0, instance:testCase.Tc_002_logintest@fbd1f6]" started-at="2025-08-17T22:05:07 IST" name="teardown" finished-at="2025-08-17T22:05:07 IST" duration-ms="292" status="PASS">
          <reporter-output>
          </reporter-output>
        </test-method> <!-- teardown -->
      </class> <!-- testCase.Tc_002_logintest -->
    </test> <!-- Test -->
  </suite> <!-- Suite -->
</testng-results>
